#
# There is insufficient memory for the Java Runtime Environment to continue.
# Native memory allocation (malloc) failed to allocate 32744 bytes for ChunkPool::allocate
# Possible reasons:
#   The system is out of physical RAM or swap space
#   In 32 bit mode, the process size limit was hit
# Possible solutions:
#   Reduce memory load on the system
#   Increase physical memory or swap space
#   Check if swap backing store is full
#   Use 64 bit Java on a 64 bit OS
#   Decrease Java heap size (-Xmx/-Xms)
#   Decrease number of Java threads
#   Decrease Java thread stack sizes (-Xss)
#   Set larger code cache with -XX:ReservedCodeCacheSize=
# This output file may be truncated or incomplete.
#
#  Out of Memory Error (allocation.cpp:222), pid=42608, tid=43940
#
# JRE version: 7.0_13-b20
# Java VM: Java HotSpot(TM) 64-Bit Server VM (23.7-b01 mixed mode windows-amd64 compressed oops)
# Failed to write core dump. Minidumps are not enabled by default on client versions of Windows
#

---------------  T H R E A D  ---------------

Current thread (0x0000000008e2b800):  JavaThread "C2 CompilerThread0" daemon [_thread_in_native, id=43940, stack(0x0000000009c00000,0x0000000009d00000)]

Stack: [0x0000000009c00000,0x0000000009d00000]

Current CompileTask:
C2: 456009   79             java.text.SimpleDateFormat::compile (616 bytes)


---------------  P R O C E S S  ---------------

Java Threads: ( => current thread )
  0x000000000a6ac800 JavaThread "D3D Screen Updater" daemon [_thread_blocked, id=42784, stack(0x000000000e710000,0x000000000e810000)]
  0x0000000001fef000 JavaThread "DestroyJavaVM" [_thread_blocked, id=40184, stack(0x0000000002c40000,0x0000000002d40000)]
  0x000000000a636800 JavaThread "AWT-EventQueue-0" [_thread_blocked, id=43488, stack(0x000000000e330000,0x000000000e430000)]
  0x000000000a5e4800 JavaThread "Thread-1" [_thread_blocked, id=43448, stack(0x000000000e040000,0x000000000e140000)]
  0x000000000a572800 JavaThread "AWT-Windows" daemon [_thread_in_native, id=42700, stack(0x000000000ab60000,0x000000000ac60000)]
  0x0000000008eef800 JavaThread "AWT-Shutdown" [_thread_blocked, id=40956, stack(0x000000000aa10000,0x000000000ab10000)]
  0x0000000008eee800 JavaThread "Java2D Disposer" daemon [_thread_blocked, id=43340, stack(0x000000000a0c0000,0x000000000a1c0000)]
  0x0000000008e3f800 JavaThread "Service Thread" daemon [_thread_blocked, id=43332, stack(0x000000000a2f0000,0x000000000a3f0000)]
  0x0000000008e34800 JavaThread "C2 CompilerThread1" daemon [_thread_blocked, id=42816, stack(0x000000000a1c0000,0x000000000a2c0000)]
=>0x0000000008e2b800 JavaThread "C2 CompilerThread0" daemon [_thread_in_native, id=43940, stack(0x0000000009c00000,0x0000000009d00000)]
  0x0000000008e29800 JavaThread "Attach Listener" daemon [_thread_blocked, id=43936, stack(0x0000000009f40000,0x000000000a040000)]
  0x0000000008e28000 JavaThread "Signal Dispatcher" daemon [_thread_blocked, id=43944, stack(0x0000000009d60000,0x0000000009e60000)]
  0x0000000008d9e800 JavaThread "Finalizer" daemon [_thread_blocked, id=43272, stack(0x00000000097f0000,0x00000000098f0000)]
  0x0000000008d95800 JavaThread "Reference Handler" daemon [_thread_blocked, id=41312, stack(0x0000000009a80000,0x0000000009b80000)]

Other Threads:
  0x0000000008d8e800 VMThread [stack: 0x0000000009910000,0x0000000009a10000] [id=42584]
  0x0000000008e4a800 WatcherThread [stack: 0x000000000a3f0000,0x000000000a4f0000] [id=43316]

VM state:not at safepoint (normal execution)

VM Mutex/Monitor currently owned by a thread: None

Heap
 PSYoungGen      total 18496K, used 7940K [0x00000000eb560000, 0x00000000eca00000, 0x0000000100000000)
  eden space 15872K, 50% used [0x00000000eb560000,0x00000000ebd21378,0x00000000ec4e0000)
  from space 2624K, 0% used [0x00000000ec770000,0x00000000ec770000,0x00000000eca00000)
  to   space 2624K, 0% used [0x00000000ec4e0000,0x00000000ec4e0000,0x00000000ec770000)
 ParOldGen       total 42368K, used 0K [0x00000000c2000000, 0x00000000c4960000, 0x00000000eb560000)
  object space 42368K, 0% used [0x00000000c2000000,0x00000000c2000000,0x00000000c4960000)
 PSPermGen       total 21248K, used 8900K [0x00000000bce00000, 0x00000000be2c0000, 0x00000000c2000000)
  object space 21248K, 41% used [0x00000000bce00000,0x00000000bd6b1358,0x00000000be2c0000)

Card table byte_map: [0x0000000005d40000,0x0000000005f60000] byte_map_base: 0x0000000005759000

Polling page: 0x0000000000150000

Code Cache  [0x0000000002d40000, 0x0000000002fb0000, 0x0000000005d40000)
 total_blobs=480 nmethods=78 adapters=353 free_code_cache=48577Kb largest_free_block=49721408

Compilation events (10 events):
Event: 153.349 Thread 0x0000000008e34800 nmethod 74 0x0000000002dd1fd0 code [0x0000000002dd2140, 0x0000000002dd2338]
Event: 156.346 Thread 0x0000000008e2b800   75             java.lang.AbstractStringBuilder::ensureCapacityInternal (16 bytes)
Event: 156.349 Thread 0x0000000008e2b800 nmethod 75 0x0000000002dcca90 code [0x0000000002dccbe0, 0x0000000002dcce78]
Event: 208.346 Thread 0x0000000008e34800   76             sun.util.calendar.ZoneInfo::getTransitionIndex (156 bytes)
Event: 208.350 Thread 0x0000000008e34800 nmethod 76 0x0000000002dcc350 code [0x0000000002dcc4a0, 0x0000000002dcc7f8]
Event: 225.346 Thread 0x0000000008e2b800   77             java.lang.AbstractStringBuilder::append (29 bytes)
Event: 225.349 Thread 0x0000000008e2b800 nmethod 77 0x0000000002dcbcd0 code [0x0000000002dcbe20, 0x0000000002dcc138]
Event: 434.368 Thread 0x0000000008e34800   78             java.util.Calendar::internalGet (7 bytes)
Event: 434.368 Thread 0x0000000008e34800 nmethod 78 0x0000000002dcba50 code [0x0000000002dcbb80, 0x0000000002dcbbf8]
Event: 455.379 Thread 0x0000000008e2b800   79             java.text.SimpleDateFormat::compile (616 bytes)

GC Heap History (0 events):
No events

Deoptimization events (0 events):
No events

Internal exceptions (10 events):
Event: 0.075 Thread 0x0000000001fef000 Threw 0x00000000eb5661a8 at C:\jdk7u2_64p\jdk7u13\hotspot\src\share\vm\prims\jni.cpp:3994
Event: 0.116 Thread 0x0000000001fef000 Threw 0x00000000eb5ae078 at C:\jdk7u2_64p\jdk7u13\hotspot\src\share\vm\prims\jvm.cpp:1166
Event: 0.135 Thread 0x0000000001fef000 Threw 0x00000000eb5b4880 at C:\jdk7u2_64p\jdk7u13\hotspot\src\share\vm\prims\jvm.cpp:1166
Event: 0.138 Thread 0x0000000001fef000 Threw 0x00000000eb5b64d0 at C:\jdk7u2_64p\jdk7u13\hotspot\src\share\vm\prims\jvm.cpp:1166
Event: 0.149 Thread 0x0000000001fef000 Threw 0x00000000eb5bc190 at C:\jdk7u2_64p\jdk7u13\hotspot\src\share\vm\prims\jni.cpp:716
Event: 0.173 Thread 0x0000000001fef000 Threw 0x00000000eb5d9ec0 at C:\jdk7u2_64p\jdk7u13\hotspot\src\share\vm\prims\jni.cpp:716
Event: 0.354 Thread 0x0000000001fef000 Threw 0x00000000eb6b0048 at C:\jdk7u2_64p\jdk7u13\hotspot\src\share\vm\prims\jvm.cpp:1166
Event: 0.354 Thread 0x0000000001fef000 Threw 0x00000000eb6b0170 at C:\jdk7u2_64p\jdk7u13\hotspot\src\share\vm\prims\jvm.cpp:1166
Event: 0.355 Thread 0x0000000001fef000 Threw 0x00000000eb6b3678 at C:\jdk7u2_64p\jdk7u13\hotspot\src\share\vm\prims\jvm.cpp:1166
Event: 0.355 Thread 0x0000000001fef000 Threw 0x00000000eb6b37a0 at C:\jdk7u2_64p\jdk7u13\hotspot\src\share\vm\prims\jvm.cpp:1166

Events (10 events):
Event: 5.807 Executing VM operation: RevokeBias
Event: 5.807 Executing VM operation: RevokeBias done
Event: 5.815 Executing VM operation: RevokeBias
Event: 5.815 Executing VM operation: RevokeBias done
Event: 5.823 Executing VM operation: RevokeBias
Event: 5.823 Executing VM operation: RevokeBias done
Event: 5.834 Executing VM operation: RevokeBias
Event: 5.834 Executing VM operation: RevokeBias done
Event: 5.843 Executing VM operation: BulkRevokeBias
Event: 5.843 Executing VM operation: BulkRevokeBias done


Dynamic libraries:
0x000000013fdf0000 - 0x000000013fe23000 	C:\Program Files\Java\jre7\bin\javaw.exe
0x0000000077830000 - 0x00000000779d9000 	C:\Windows\SYSTEM32\ntdll.dll
0x0000000077360000 - 0x000000007747f000 	C:\Windows\system32\kernel32.dll
0x000007fefdd80000 - 0x000007fefddeb000 	C:\Windows\system32\KERNELBASE.dll
0x000007fefe240000 - 0x000007fefe31b000 	C:\Windows\system32\ADVAPI32.dll
0x000007fefe950000 - 0x000007fefe9ef000 	C:\Windows\system32\msvcrt.dll
0x000007fefe7f0000 - 0x000007fefe80f000 	C:\Windows\SYSTEM32\sechost.dll
0x000007fefe090000 - 0x000007fefe1bd000 	C:\Windows\system32\RPCRT4.dll
0x00000000775e0000 - 0x00000000776da000 	C:\Windows\system32\USER32.dll
0x000007fefe600000 - 0x000007fefe667000 	C:\Windows\system32\GDI32.dll
0x000007fefe670000 - 0x000007fefe67e000 	C:\Windows\system32\LPK.dll
0x000007fefe9f0000 - 0x000007fefeab9000 	C:\Windows\system32\USP10.dll
0x000007fefc880000 - 0x000007fefca74000 	C:\Windows\WinSxS\amd64_microsoft.windows.common-controls_6595b64144ccf1df_6.0.7601.17514_none_fa396087175ac9ac\COMCTL32.dll
0x000007fefe1c0000 - 0x000007fefe231000 	C:\Windows\system32\SHLWAPI.dll
0x000007fefe7c0000 - 0x000007fefe7ee000 	C:\Windows\system32\IMM32.DLL
0x000007fefeac0000 - 0x000007fefebc9000 	C:\Windows\system32\MSCTF.dll
0x0000000180000000 - 0x000000018000a000 	C:\Windows\KATRK64.DLL
0x000007fefd170000 - 0x000007fefd181000 	C:\Windows\system32\WTSAPI32.dll
0x000007fefdc70000 - 0x000007fefdc8c000 	C:\Program Files\AppSense\Environment Manager\Agent\EmLoader.dll
0x000007fef1d60000 - 0x000007fef1e25000 	c:\program files\appsense\environment manager\agent\PVC.dll
0x0000000069000000 - 0x0000000069006000 	C:\Windows\system32\detoured.dll
0x0000000061480000 - 0x0000000061551000 	C:\Program Files\Java\jre7\bin\msvcr100.dll
0x0000000060820000 - 0x0000000060f3f000 	C:\Program Files\Java\jre7\bin\server\jvm.dll
0x000007fef8ef0000 - 0x000007fef8ef9000 	C:\Windows\system32\WSOCK32.dll
0x000007fefe5b0000 - 0x000007fefe5fd000 	C:\Windows\system32\WS2_32.dll
0x000007fefe060000 - 0x000007fefe068000 	C:\Windows\system32\NSI.dll
0x000007fef9070000 - 0x000007fef90ab000 	C:\Windows\system32\WINMM.dll
0x0000000077a00000 - 0x0000000077a07000 	C:\Windows\system32\PSAPI.DLL
0x0000000069e20000 - 0x0000000069e2f000 	C:\Program Files\Java\jre7\bin\verify.dll
0x0000000068f00000 - 0x0000000068f28000 	C:\Program Files\Java\jre7\bin\java.dll
0x0000000069900000 - 0x0000000069915000 	C:\Program Files\Java\jre7\bin\zip.dll
0x0000000060500000 - 0x0000000060693000 	C:\Program Files\Java\jre7\bin\awt.dll
0x000007fefe870000 - 0x000007fefe947000 	C:\Windows\system32\OLEAUT32.dll
0x000007fefe320000 - 0x000007fefe523000 	C:\Windows\system32\ole32.dll
0x000007fefc040000 - 0x000007fefc058000 	C:\Windows\system32\DWMAPI.DLL
0x000007fefc820000 - 0x000007fefc876000 	C:\Windows\system32\uxtheme.dll
0x000007fefdac0000 - 0x000007fefdacf000 	C:\Windows\system32\CRYPTBASE.dll
0x000007fef6900000 - 0x000007fef6aff000 	C:\Windows\system32\d3d9.dll
0x000007fefd160000 - 0x000007fefd16c000 	C:\Windows\system32\VERSION.dll
0x000007fef68f0000 - 0x000007fef68f7000 	C:\Windows\system32\d3d8thk.dll
0x000000006a560000 - 0x000000006a647000 	C:\Windows\system32\aticfx64.dll
0x000007fefbac0000 - 0x000007fefbace000 	C:\Windows\system32\atiu9p64.dll
0x000000005e110000 - 0x000000005e833000 	C:\Windows\system32\atiumd64.dll
0x0000000060110000 - 0x00000000604fc000 	C:\Windows\system32\atiumd6a.dll
0x000007fefedb0000 - 0x000007feffb38000 	C:\Windows\system32\SHELL32.dll
0x0000000069350000 - 0x0000000069369000 	C:\Program Files\Java\jre7\bin\net.dll
0x000007fefd3a0000 - 0x000007fefd3f5000 	C:\Windows\system32\mswsock.dll
0x000007fefd590000 - 0x000007fefd597000 	C:\Windows\System32\wship6.dll
0x0000000068f50000 - 0x0000000068f61000 	C:\Program Files\Java\jre7\bin\nio.dll
0x000000006a910000 - 0x000000006a944000 	C:\Program Files\Java\jre7\bin\fontmanager.dll
0x0000000068060000 - 0x00000000680a1000 	C:\Program Files\Java\jre7\bin\t2k.dll

VM Arguments:
jvm_args: -Dfile.encoding=Cp1252 
java_command: GUI.Main
Launcher Type: SUN_STANDARD

Environment Variables:
CLASSPATH=.;C:\Program Files (x86)\Java\jre6\lib\ext\QTJava.zip
PATH=C:\sw\OpenSim 3.0\bin;C:\Program Files (x86)\NVIDIA Corporation\PhysX\Common;C:\Program Files (x86)\CMG\LAUNCHER\2011.10\Win32\exe;C:\Program Files\NAG\FL23\flw6i23dcl\batch;C:\Program Files\NAG\FL23\flw6i23dcl\bin;C:\Program Files\NAG\FL23\flw6i23dcl\mkl_intel64_10.3\bin;C:\sw\RailsInstaller\Git\cmd;C:\sw\RailsInstaller\Ruby1.9.2\bin;C:\Python27\Lib\site-packages\PyQt4;C:\Program Files (x86)\Common Files\Intel\Shared Files\fortran\bin\ia32;C:\Program Files (x86)\Common Files\Intel\Shared Files\fortran\bin\Intel64;C:\Windows\system32;C:\Windows;C:\Windows\System32\Wbem;C:\Windows\System32\WindowsPowerShell\v1.0;C:\Program Files (x86)\IVI Foundation\IVI\bin;C:\Program Files\IVI Foundation\IVI\bin;C:\Program Files\IVI Foundation\VISA\Win64\Bin\;C:\Program Files (x86)\IVI Foundation\VISA\WinNT\Bin\;C:\Program Files (x86)\IVI Foundation\VISA\WinNT\Bin;C:\MineSight;C:\MineSight\site;C:\MineSight\local;C:\MineSight\MSTorque;C:\Program Files\jEdit;C:\Program Files (x86)\MiKTeX 2.9\miktex\bin\;c:\Program Files (x86)\Microsoft SQL Server\100\Tools\Binn\;c:\Program Files\Microsoft SQL Server\100\Tools\Binn\;c:\Program Files\Microsoft SQL Server\100\DTS\Binn\;C:\sw\strawberry\c\bin;C:\sw\strawberry\perl\site\bin;C:\sw\strawberry\perl\bin;c:\Program Files (x86)\Microsoft SQL Server\90\Tools\binn\;C:\Program Files\SAS\SharedFiles(32)\Formats;C:\Program Files (x86)\QuickTime\QTSystem\;C:\Program Files (x86)\ArcGIS\EsriProductionMapping\Desktop10.1\Bin;C:\Program Files (x86)\ArcGIS\Desktop10.1\Bin;C:\Program Files (x86)\ATI Technologies\ATI.ACE\Core-Static;c:\sw\g95\bin;c:\sw\cygwin;C:\Program Files\MATLAB\R2012a\bin;c:\python26;c:\python26\lib\c:\python27;C:\Windows\SysWOW64\;C:\Windows;C:\Windows\SysWOW64\Wbem;C:\Windows\SysWOW64\WindowsPowerShell\v1.0;C:\Program Files (x86)\AdminStudio\10.0\Common
USERNAME=tsallee
OS=Windows_NT
PROCESSOR_IDENTIFIER=Intel64 Family 6 Model 15 Stepping 11, GenuineIntel



---------------  S Y S T E M  ---------------

OS: Windows 7 , 64 bit Build 7601 Service Pack 1

CPU:total 2 (2 cores per cpu, 1 threads per core) family 6 model 15 stepping 11, cmov, cx8, fxsr, mmx, sse, sse2, sse3, ssse3, tsc

Memory: 4k page, physical 4060788k(433540k free), swap 16195380k(20024k free)

vm_info: Java HotSpot(TM) 64-Bit Server VM (23.7-b01) for windows-amd64 JRE (1.7.0_13-b20), built on Jan 30 2013 10:10:00 by "java_re" with unknown MS VC++:1600

time: Thu May 16 14:43:45 2013
elapsed time: 456 seconds

